app/build/intermediates/manifest_merge_blame_file/debug/manifest-merger-blame-debug-report.txt
1<?xml version="1.0" encoding="utf-8"?>
2<manifest xmlns:android="http://schemas.android.com/apk/res/android"
3    package="edu.neu.madcourse.sticktothem"
4    android:versionCode="1"
5    android:versionName="1.0" >
6
7    <uses-sdk
8        android:minSdkVersion="26"
8-->src/main/AndroidManifest.xml
9        android:targetSdkVersion="30" />
9-->src/main/AndroidManifest.xml
10
11    <uses-permission android:name="android.permission.INTERNET" />
11-->[com.google.firebase:firebase-auth:21.0.1] AndroidManifest.xml:23:5-67
11-->[com.google.firebase:firebase-auth:21.0.1] AndroidManifest.xml:23:22-64
12    <uses-permission android:name="android.permission.ACCESS_NETWORK_STATE" />
12-->[com.google.firebase:firebase-auth:21.0.1] AndroidManifest.xml:24:5-79
12-->[com.google.firebase:firebase-auth:21.0.1] AndroidManifest.xml:24:22-76
13    <uses-permission android:name="android.permission.WAKE_LOCK" /> <!-- Required by older versions of Google Play services to create IID tokens -->
13-->[com.google.firebase:firebase-messaging:22.0.0] AndroidManifest.xml:23:5-68
13-->[com.google.firebase:firebase-messaging:22.0.0] AndroidManifest.xml:23:22-65
14    <uses-permission android:name="com.google.android.c2dm.permission.RECEIVE" />
14-->[com.google.firebase:firebase-messaging:22.0.0] AndroidManifest.xml:25:5-82
14-->[com.google.firebase:firebase-messaging:22.0.0] AndroidManifest.xml:25:22-79
15    <uses-permission android:name="com.google.android.finsky.permission.BIND_GET_INSTALL_REFERRER_SERVICE" />
15-->[com.google.android.gms:play-services-measurement:19.0.0] AndroidManifest.xml:26:5-110
15-->[com.google.android.gms:play-services-measurement:19.0.0] AndroidManifest.xml:26:22-107
16
17    <application
17-->src/main/AndroidManifest.xml:5:5-40:19
18        android:allowBackup="true"
18-->src/main/AndroidManifest.xml:6:9-35
19        android:appComponentFactory="androidx.core.app.CoreComponentFactory"
19-->[androidx.core:core:1.3.1] AndroidManifest.xml:24:18-86
20        android:debuggable="true"
21        android:extractNativeLibs="false"
22        android:icon="@mipmap/ic_launcher"
22-->src/main/AndroidManifest.xml:7:9-43
23        android:label="@string/app_name"
23-->src/main/AndroidManifest.xml:8:9-41
24        android:roundIcon="@mipmap/ic_launcher_round"
24-->src/main/AndroidManifest.xml:9:9-54
25        android:supportsRtl="true"
25-->src/main/AndroidManifest.xml:11:9-35
26        android:testOnly="true"
27        android:theme="@style/Theme.StickToThem"
27-->src/main/AndroidManifest.xml:12:9-49
28        android:usesCleartextTraffic="true" >
28-->src/main/AndroidManifest.xml:10:9-44
29        <activity
29-->src/main/AndroidManifest.xml:14:9-21:20
30            android:name="edu.neu.madcourse.sticktothem.StartActivity"
30-->src/main/AndroidManifest.xml:14:19-48
31            android:configChanges="orientation|screenSize" >
31-->src/main/AndroidManifest.xml:15:13-59
32            <intent-filter>
32-->src/main/AndroidManifest.xml:16:13-20:29
33                <action android:name="android.intent.action.MAIN" />
33-->src/main/AndroidManifest.xml:17:17-69
33-->src/main/AndroidManifest.xml:17:25-66
34
35                <category android:name="android.intent.category.LAUNCHER" />
35-->src/main/AndroidManifest.xml:19:17-77
35-->src/main/AndroidManifest.xml:19:27-74
36            </intent-filter>
37        </activity>
38        <activity
38-->src/main/AndroidManifest.xml:22:9-23:61
39            android:name="edu.neu.madcourse.sticktothem.MainActivity"
39-->src/main/AndroidManifest.xml:22:19-47
40            android:configChanges="orientation|screenSize" />
40-->src/main/AndroidManifest.xml:23:13-59
41        <activity
41-->src/main/AndroidManifest.xml:24:9-27:49
42            android:name="edu.neu.madcourse.sticktothem.LoginActivity"
42-->src/main/AndroidManifest.xml:24:19-48
43            android:configChanges="orientation|screenSize"
43-->src/main/AndroidManifest.xml:26:13-59
44            android:label="@string/login_name"
44-->src/main/AndroidManifest.xml:27:13-47
45            android:parentActivityName="edu.neu.madcourse.sticktothem.StartActivity" />
45-->src/main/AndroidManifest.xml:25:13-56
46        <activity
46-->src/main/AndroidManifest.xml:28:9-31:52
47            android:name="edu.neu.madcourse.sticktothem.RegisterActivity"
47-->src/main/AndroidManifest.xml:28:19-51
48            android:configChanges="orientation|screenSize"
48-->src/main/AndroidManifest.xml:29:13-59
49            android:label="@string/register_name"
49-->src/main/AndroidManifest.xml:31:13-50
50            android:parentActivityName="edu.neu.madcourse.sticktothem.StartActivity" />
50-->src/main/AndroidManifest.xml:30:13-56
51
52        <service android:name="edu.neu.madcourse.sticktothem.Notifications.MyFirebaseService" >
52-->src/main/AndroidManifest.xml:33:9-38:19
52-->src/main/AndroidManifest.xml:34:13-60
53            <intent-filter>
53-->src/main/AndroidManifest.xml:35:13-37:29
54                <action android:name="com.google.firebase.MESSAGING_EVENT" />
54-->src/main/AndroidManifest.xml:36:17-77
54-->src/main/AndroidManifest.xml:36:25-75
55            </intent-filter>
56        </service>
57
58        <activity
58-->[com.google.firebase:firebase-auth:21.0.1] AndroidManifest.xml:27:9-44:20
59            android:name="com.google.firebase.auth.internal.GenericIdpActivity"
59-->[com.google.firebase:firebase-auth:21.0.1] AndroidManifest.xml:28:13-80
60            android:excludeFromRecents="true"
60-->[com.google.firebase:firebase-auth:21.0.1] AndroidManifest.xml:29:13-46
61            android:exported="true"
61-->[com.google.firebase:firebase-auth:21.0.1] AndroidManifest.xml:30:13-36
62            android:launchMode="singleTask"
62-->[com.google.firebase:firebase-auth:21.0.1] AndroidManifest.xml:31:13-44
63            android:theme="@android:style/Theme.Translucent.NoTitleBar" >
63-->[com.google.firebase:firebase-auth:21.0.1] AndroidManifest.xml:32:13-72
64            <intent-filter>
64-->[com.google.firebase:firebase-auth:21.0.1] AndroidManifest.xml:33:13-43:29
65                <action android:name="android.intent.action.VIEW" />
65-->[com.google.firebase:firebase-auth:21.0.1] AndroidManifest.xml:34:17-69
65-->[com.google.firebase:firebase-auth:21.0.1] AndroidManifest.xml:34:25-66
66
67                <category android:name="android.intent.category.DEFAULT" />
67-->[com.google.firebase:firebase-auth:21.0.1] AndroidManifest.xml:36:17-76
67-->[com.google.firebase:firebase-auth:21.0.1] AndroidManifest.xml:36:27-73
68                <category android:name="android.intent.category.BROWSABLE" />
68-->[com.google.firebase:firebase-auth:21.0.1] AndroidManifest.xml:37:17-78
68-->[com.google.firebase:firebase-auth:21.0.1] AndroidManifest.xml:37:27-75
69
70                <data
70-->[com.google.firebase:firebase-auth:21.0.1] AndroidManifest.xml:39:17-42:51
71                    android:host="firebase.auth"
71-->[com.google.firebase:firebase-auth:21.0.1] AndroidManifest.xml:40:21-49
72                    android:path="/"
72-->[com.google.firebase:firebase-auth:21.0.1] AndroidManifest.xml:41:21-37
73                    android:scheme="genericidp" />
73-->[com.google.firebase:firebase-auth:21.0.1] AndroidManifest.xml:42:21-48
74            </intent-filter>
75        </activity>
76        <activity
76-->[com.google.firebase:firebase-auth:21.0.1] AndroidManifest.xml:45:9-62:20
77            android:name="com.google.firebase.auth.internal.RecaptchaActivity"
77-->[com.google.firebase:firebase-auth:21.0.1] AndroidManifest.xml:46:13-79
78            android:excludeFromRecents="true"
78-->[com.google.firebase:firebase-auth:21.0.1] AndroidManifest.xml:47:13-46
79            android:exported="true"
79-->[com.google.firebase:firebase-auth:21.0.1] AndroidManifest.xml:48:13-36
80            android:launchMode="singleTask"
80-->[com.google.firebase:firebase-auth:21.0.1] AndroidManifest.xml:49:13-44
81            android:theme="@android:style/Theme.Translucent.NoTitleBar" >
81-->[com.google.firebase:firebase-auth:21.0.1] AndroidManifest.xml:50:13-72
82            <intent-filter>
82-->[com.google.firebase:firebase-auth:21.0.1] AndroidManifest.xml:51:13-61:29
83                <action android:name="android.intent.action.VIEW" />
83-->[com.google.firebase:firebase-auth:21.0.1] AndroidManifest.xml:34:17-69
83-->[com.google.firebase:firebase-auth:21.0.1] AndroidManifest.xml:34:25-66
84
85                <category android:name="android.intent.category.DEFAULT" />
85-->[com.google.firebase:firebase-auth:21.0.1] AndroidManifest.xml:36:17-76
85-->[com.google.firebase:firebase-auth:21.0.1] AndroidManifest.xml:36:27-73
86                <category android:name="android.intent.category.BROWSABLE" />
86-->[com.google.firebase:firebase-auth:21.0.1] AndroidManifest.xml:37:17-78
86-->[com.google.firebase:firebase-auth:21.0.1] AndroidManifest.xml:37:27-75
87
88                <data
88-->[com.google.firebase:firebase-auth:21.0.1] AndroidManifest.xml:39:17-42:51
89                    android:host="firebase.auth"
89-->[com.google.firebase:firebase-auth:21.0.1] AndroidManifest.xml:40:21-49
90                    android:path="/"
90-->[com.google.firebase:firebase-auth:21.0.1] AndroidManifest.xml:41:21-37
91                    android:scheme="recaptcha" />
91-->[com.google.firebase:firebase-auth:21.0.1] AndroidManifest.xml:42:21-48
92            </intent-filter>
93        </activity>
94
95        <service
95-->[com.google.firebase:firebase-auth:21.0.1] AndroidManifest.xml:64:9-73:19
96            android:name="com.google.firebase.auth.api.fallback.service.FirebaseAuthFallbackService"
96-->[com.google.firebase:firebase-auth:21.0.1] AndroidManifest.xml:65:13-101
97            android:enabled="true"
97-->[com.google.firebase:firebase-auth:21.0.1] AndroidManifest.xml:66:13-35
98            android:exported="false" >
98-->[com.google.firebase:firebase-auth:21.0.1] AndroidManifest.xml:67:13-37
99            <intent-filter>
99-->[com.google.firebase:firebase-auth:21.0.1] AndroidManifest.xml:68:13-72:29
100                <action android:name="com.google.firebase.auth.api.gms.service.START" />
100-->[com.google.firebase:firebase-auth:21.0.1] AndroidManifest.xml:69:17-89
100-->[com.google.firebase:firebase-auth:21.0.1] AndroidManifest.xml:69:25-86
101
102                <category android:name="android.intent.category.DEFAULT" />
102-->[com.google.firebase:firebase-auth:21.0.1] AndroidManifest.xml:36:17-76
102-->[com.google.firebase:firebase-auth:21.0.1] AndroidManifest.xml:36:27-73
103            </intent-filter>
104        </service>
105        <service
105-->[com.google.firebase:firebase-auth:21.0.1] AndroidManifest.xml:74:9-80:19
106            android:name="com.google.firebase.components.ComponentDiscoveryService"
106-->[com.google.firebase:firebase-auth:21.0.1] AndroidManifest.xml:75:13-84
107            android:directBootAware="true"
107-->[com.google.firebase:firebase-common:20.0.0] AndroidManifest.xml:35:13-43
108            android:exported="false" >
108-->[com.google.firebase:firebase-auth:21.0.1] AndroidManifest.xml:76:13-37
109            <meta-data
109-->[com.google.firebase:firebase-auth:21.0.1] AndroidManifest.xml:77:13-79:85
110                android:name="com.google.firebase.components:com.google.firebase.auth.FirebaseAuthRegistrar"
110-->[com.google.firebase:firebase-auth:21.0.1] AndroidManifest.xml:78:17-109
111                android:value="com.google.firebase.components.ComponentRegistrar" />
111-->[com.google.firebase:firebase-auth:21.0.1] AndroidManifest.xml:79:17-82
112            <meta-data
112-->[com.google.firebase:firebase-database:20.0.0] AndroidManifest.xml:32:13-34:85
113                android:name="com.google.firebase.components:com.google.firebase.database.DatabaseRegistrar"
113-->[com.google.firebase:firebase-database:20.0.0] AndroidManifest.xml:33:17-109
114                android:value="com.google.firebase.components.ComponentRegistrar" />
114-->[com.google.firebase:firebase-database:20.0.0] AndroidManifest.xml:34:17-82
115            <meta-data
115-->[com.google.firebase:firebase-messaging:22.0.0] AndroidManifest.xml:52:13-54:85
116                android:name="com.google.firebase.components:com.google.firebase.messaging.FirebaseMessagingRegistrar"
116-->[com.google.firebase:firebase-messaging:22.0.0] AndroidManifest.xml:53:17-119
117                android:value="com.google.firebase.components.ComponentRegistrar" />
117-->[com.google.firebase:firebase-messaging:22.0.0] AndroidManifest.xml:54:17-82
118            <meta-data
118-->[com.google.firebase:firebase-datatransport:18.0.0] AndroidManifest.xml:28:13-30:85
119                android:name="com.google.firebase.components:com.google.firebase.datatransport.TransportRegistrar"
119-->[com.google.firebase:firebase-datatransport:18.0.0] AndroidManifest.xml:29:17-115
120                android:value="com.google.firebase.components.ComponentRegistrar" />
120-->[com.google.firebase:firebase-datatransport:18.0.0] AndroidManifest.xml:30:17-82
121            <meta-data
121-->[com.google.android.gms:play-services-measurement-api:19.0.0] AndroidManifest.xml:30:13-32:85
122                android:name="com.google.firebase.components:com.google.firebase.analytics.connector.internal.AnalyticsConnectorRegistrar"
122-->[com.google.android.gms:play-services-measurement-api:19.0.0] AndroidManifest.xml:31:17-139
123                android:value="com.google.firebase.components.ComponentRegistrar" />
123-->[com.google.android.gms:play-services-measurement-api:19.0.0] AndroidManifest.xml:32:17-82
124            <meta-data
124-->[com.google.firebase:firebase-installations:17.0.0] AndroidManifest.xml:18:13-20:85
125                android:name="com.google.firebase.components:com.google.firebase.installations.FirebaseInstallationsRegistrar"
125-->[com.google.firebase:firebase-installations:17.0.0] AndroidManifest.xml:19:17-127
126                android:value="com.google.firebase.components.ComponentRegistrar" />
126-->[com.google.firebase:firebase-installations:17.0.0] AndroidManifest.xml:20:17-82
127        </service>
128
129        <receiver
129-->[com.google.firebase:firebase-messaging:22.0.0] AndroidManifest.xml:28:9-35:20
130            android:name="com.google.firebase.iid.FirebaseInstanceIdReceiver"
130-->[com.google.firebase:firebase-messaging:22.0.0] AndroidManifest.xml:29:13-78
131            android:exported="true"
131-->[com.google.firebase:firebase-messaging:22.0.0] AndroidManifest.xml:30:13-36
132            android:permission="com.google.android.c2dm.permission.SEND" >
132-->[com.google.firebase:firebase-messaging:22.0.0] AndroidManifest.xml:31:13-73
133            <intent-filter>
133-->[com.google.firebase:firebase-messaging:22.0.0] AndroidManifest.xml:32:13-34:29
134                <action android:name="com.google.android.c2dm.intent.RECEIVE" />
134-->[com.google.firebase:firebase-messaging:22.0.0] AndroidManifest.xml:33:17-81
134-->[com.google.firebase:firebase-messaging:22.0.0] AndroidManifest.xml:33:25-78
135            </intent-filter>
136        </receiver>
137        <!--
138             FirebaseMessagingService performs security checks at runtime,
139             but set to not exported to explicitly avoid allowing another app to call it.
140        -->
141        <service
141-->[com.google.firebase:firebase-messaging:22.0.0] AndroidManifest.xml:41:9-48:19
142            android:name="com.google.firebase.messaging.FirebaseMessagingService"
142-->[com.google.firebase:firebase-messaging:22.0.0] AndroidManifest.xml:42:13-82
143            android:directBootAware="true"
143-->[com.google.firebase:firebase-messaging:22.0.0] AndroidManifest.xml:43:13-43
144            android:exported="false" >
144-->[com.google.firebase:firebase-messaging:22.0.0] AndroidManifest.xml:44:13-37
145            <intent-filter android:priority="-500" >
145-->src/main/AndroidManifest.xml:35:13-37:29
146                <action android:name="com.google.firebase.MESSAGING_EVENT" />
146-->src/main/AndroidManifest.xml:36:17-77
146-->src/main/AndroidManifest.xml:36:25-75
147            </intent-filter>
148        </service>
149        <service
149-->[com.google.android.datatransport:transport-backend-cct:3.0.0] AndroidManifest.xml:29:9-35:19
150            android:name="com.google.android.datatransport.runtime.backends.TransportBackendDiscovery"
150-->[com.google.android.datatransport:transport-backend-cct:3.0.0] AndroidManifest.xml:30:13-103
151            android:exported="false" >
151-->[com.google.android.datatransport:transport-backend-cct:3.0.0] AndroidManifest.xml:31:13-37
152            <meta-data
152-->[com.google.android.datatransport:transport-backend-cct:3.0.0] AndroidManifest.xml:32:13-34:39
153                android:name="backend:com.google.android.datatransport.cct.CctBackendFactory"
153-->[com.google.android.datatransport:transport-backend-cct:3.0.0] AndroidManifest.xml:33:17-94
154                android:value="cct" />
154-->[com.google.android.datatransport:transport-backend-cct:3.0.0] AndroidManifest.xml:34:17-36
155        </service>
156
157        <provider
157-->[com.google.firebase:firebase-common:20.0.0] AndroidManifest.xml:26:9-31:39
158            android:name="com.google.firebase.provider.FirebaseInitProvider"
158-->[com.google.firebase:firebase-common:20.0.0] AndroidManifest.xml:27:13-77
159            android:authorities="edu.neu.madcourse.sticktothem.firebaseinitprovider"
159-->[com.google.firebase:firebase-common:20.0.0] AndroidManifest.xml:28:13-72
160            android:directBootAware="true"
160-->[com.google.firebase:firebase-common:20.0.0] AndroidManifest.xml:29:13-43
161            android:exported="false"
161-->[com.google.firebase:firebase-common:20.0.0] AndroidManifest.xml:30:13-37
162            android:initOrder="100" />
162-->[com.google.firebase:firebase-common:20.0.0] AndroidManifest.xml:31:13-36
163
164        <activity
164-->[com.google.android.gms:play-services-base:17.1.0] AndroidManifest.xml:23:9-26:75
165            android:name="com.google.android.gms.common.api.GoogleApiActivity"
165-->[com.google.android.gms:play-services-base:17.1.0] AndroidManifest.xml:24:13-79
166            android:exported="false"
166-->[com.google.android.gms:play-services-base:17.1.0] AndroidManifest.xml:25:13-37
167            android:theme="@android:style/Theme.Translucent.NoTitleBar" />
167-->[com.google.android.gms:play-services-base:17.1.0] AndroidManifest.xml:26:13-72
168
169        <receiver
169-->[com.google.android.gms:play-services-measurement:19.0.0] AndroidManifest.xml:29:9-33:20
170            android:name="com.google.android.gms.measurement.AppMeasurementReceiver"
170-->[com.google.android.gms:play-services-measurement:19.0.0] AndroidManifest.xml:30:13-85
171            android:enabled="true"
171-->[com.google.android.gms:play-services-measurement:19.0.0] AndroidManifest.xml:31:13-35
172            android:exported="false" >
172-->[com.google.android.gms:play-services-measurement:19.0.0] AndroidManifest.xml:32:13-37
173        </receiver>
174
175        <service
175-->[com.google.android.gms:play-services-measurement:19.0.0] AndroidManifest.xml:35:9-38:40
176            android:name="com.google.android.gms.measurement.AppMeasurementService"
176-->[com.google.android.gms:play-services-measurement:19.0.0] AndroidManifest.xml:36:13-84
177            android:enabled="true"
177-->[com.google.android.gms:play-services-measurement:19.0.0] AndroidManifest.xml:37:13-35
178            android:exported="false" />
178-->[com.google.android.gms:play-services-measurement:19.0.0] AndroidManifest.xml:38:13-37
179        <service
179-->[com.google.android.gms:play-services-measurement:19.0.0] AndroidManifest.xml:39:9-43:72
180            android:name="com.google.android.gms.measurement.AppMeasurementJobService"
180-->[com.google.android.gms:play-services-measurement:19.0.0] AndroidManifest.xml:40:13-87
181            android:enabled="true"
181-->[com.google.android.gms:play-services-measurement:19.0.0] AndroidManifest.xml:41:13-35
182            android:exported="false"
182-->[com.google.android.gms:play-services-measurement:19.0.0] AndroidManifest.xml:42:13-37
183            android:permission="android.permission.BIND_JOB_SERVICE" />
183-->[com.google.android.gms:play-services-measurement:19.0.0] AndroidManifest.xml:43:13-69
184
185        <meta-data
185-->[com.google.android.gms:play-services-basement:17.1.0] AndroidManifest.xml:23:9-25:69
186            android:name="com.google.android.gms.version"
186-->[com.google.android.gms:play-services-basement:17.1.0] AndroidManifest.xml:24:13-58
187            android:value="@integer/google_play_services_version" />
187-->[com.google.android.gms:play-services-basement:17.1.0] AndroidManifest.xml:25:13-66
188
189        <service
189-->[com.google.android.datatransport:transport-runtime:3.0.0] AndroidManifest.xml:26:9-30:19
190            android:name="com.google.android.datatransport.runtime.scheduling.jobscheduling.JobInfoSchedulerService"
190-->[com.google.android.datatransport:transport-runtime:3.0.0] AndroidManifest.xml:27:13-117
191            android:exported="false"
191-->[com.google.android.datatransport:transport-runtime:3.0.0] AndroidManifest.xml:28:13-37
192            android:permission="android.permission.BIND_JOB_SERVICE" >
192-->[com.google.android.datatransport:transport-runtime:3.0.0] AndroidManifest.xml:29:13-69
193        </service>
194
195        <receiver
195-->[com.google.android.datatransport:transport-runtime:3.0.0] AndroidManifest.xml:32:9-34:40
196            android:name="com.google.android.datatransport.runtime.scheduling.jobscheduling.AlarmManagerSchedulerBroadcastReceiver"
196-->[com.google.android.datatransport:transport-runtime:3.0.0] AndroidManifest.xml:33:13-132
197            android:exported="false" />
197-->[com.google.android.datatransport:transport-runtime:3.0.0] AndroidManifest.xml:34:13-37
198    </application>
199
200</manifest>